0 info it worked if it ends with ok
1 verbose cli [ '/usr/local/bin/node',
1 verbose cli   '/usr/local/bin/npm',
1 verbose cli   'i',
1 verbose cli   '--save',
1 verbose cli   '@typings/ejs' ]
2 info using npm@2.14.12
3 info using node@v4.3.1
4 verbose install initial load of /Users/skm293504/www/dantaeusb.github.io/dist/js/package.json
5 warn package.json js@1.0.0 No description
6 warn package.json js@1.0.0 No repository field.
7 warn package.json js@1.0.0 No README data
8 verbose installManyTop reading scoped package data from /Users/skm293504/www/dantaeusb.github.io/dist/js/node_modules/colorcolor/package.json
9 verbose installManyTop reading scoped package data from /Users/skm293504/www/dantaeusb.github.io/dist/js/node_modules/d3/package.json
10 verbose installManyTop reading scoped package data from /Users/skm293504/www/dantaeusb.github.io/dist/js/node_modules/ejs/package.json
11 verbose installManyTop reading scoped package data from /Users/skm293504/www/dantaeusb.github.io/dist/js/node_modules/@types/d3/package.json
12 verbose readDependencies loading dependencies from /Users/skm293504/www/dantaeusb.github.io/dist/js/package.json
13 silly cache add args [ '@typings/ejs', null ]
14 verbose cache add spec @typings/ejs
15 silly cache add parsed spec Result {
15 silly cache add   raw: '@typings/ejs',
15 silly cache add   scope: '@typings',
15 silly cache add   name: '@typings/ejs',
15 silly cache add   rawSpec: '',
15 silly cache add   spec: 'latest',
15 silly cache add   type: 'tag' }
16 silly addNamed @typings/ejs@latest
17 verbose addNamed "latest" is being treated as a dist-tag for @typings/ejs
18 info addNameTag [ '@typings/ejs', 'latest' ]
19 silly mapToRegistry name @typings/ejs
20 silly mapToRegistry scope (from package name) @typings
21 verbose mapToRegistry no registry URL found in name for scope @typings
22 silly mapToRegistry using default registry
23 silly mapToRegistry registry https://registry.npmjs.org/
24 silly mapToRegistry uri https://registry.npmjs.org/@typings%2fejs
25 verbose addNameTag registry:https://registry.npmjs.org/@typings%2fejs not in flight; fetching
26 verbose request uri https://registry.npmjs.org/@typings%2fejs
27 verbose request no auth needed
28 info attempt registry request try #1 at 11:47:38 PM
29 verbose request id 960bf8c3a38ea305
30 http request GET https://registry.npmjs.org/@typings%2fejs
31 http 404 https://registry.npmjs.org/@typings%2fejs
32 verbose headers { 'content-type': 'application/json',
32 verbose headers   'cache-control': 'max-age=0',
32 verbose headers   'content-length': '21',
32 verbose headers   'accept-ranges': 'bytes',
32 verbose headers   date: 'Fri, 13 Jan 2017 20:47:39 GMT',
32 verbose headers   via: '1.1 varnish',
32 verbose headers   age: '0',
32 verbose headers   connection: 'keep-alive',
32 verbose headers   'x-served-by': 'cache-bma7025-BMA',
32 verbose headers   'x-cache': 'MISS',
32 verbose headers   'x-cache-hits': '0',
32 verbose headers   'x-timer': 'S1484340458.987227,VS0,VE688' }
33 silly get cb [ 404,
33 silly get   { 'content-type': 'application/json',
33 silly get     'cache-control': 'max-age=0',
33 silly get     'content-length': '21',
33 silly get     'accept-ranges': 'bytes',
33 silly get     date: 'Fri, 13 Jan 2017 20:47:39 GMT',
33 silly get     via: '1.1 varnish',
33 silly get     age: '0',
33 silly get     connection: 'keep-alive',
33 silly get     'x-served-by': 'cache-bma7025-BMA',
33 silly get     'x-cache': 'MISS',
33 silly get     'x-cache-hits': '0',
33 silly get     'x-timer': 'S1484340458.987227,VS0,VE688' } ]
34 verbose stack Error: Not found : @typings/ejs
34 verbose stack     at makeError (/usr/local/lib/node_modules/npm/node_modules/npm-registry-client/lib/request.js:264:12)
34 verbose stack     at CachingRegistryClient.<anonymous> (/usr/local/lib/node_modules/npm/node_modules/npm-registry-client/lib/request.js:252:14)
34 verbose stack     at Request._callback (/usr/local/lib/node_modules/npm/node_modules/npm-registry-client/lib/request.js:172:14)
34 verbose stack     at Request.self.callback (/usr/local/lib/node_modules/npm/node_modules/request/request.js:198:22)
34 verbose stack     at emitTwo (events.js:87:13)
34 verbose stack     at Request.emit (events.js:172:7)
34 verbose stack     at Request.<anonymous> (/usr/local/lib/node_modules/npm/node_modules/request/request.js:1082:10)
34 verbose stack     at emitOne (events.js:82:20)
34 verbose stack     at Request.emit (events.js:169:7)
34 verbose stack     at IncomingMessage.<anonymous> (/usr/local/lib/node_modules/npm/node_modules/request/request.js:1009:12)
35 verbose statusCode 404
36 verbose pkgid @typings/ejs
37 verbose cwd /Users/skm293504/www/dantaeusb.github.io/dist/js
38 error Darwin 16.1.0
39 error argv "/usr/local/bin/node" "/usr/local/bin/npm" "i" "--save" "@typings/ejs"
40 error node v4.3.1
41 error npm  v2.14.12
42 error code E404
43 error 404 Not found : @typings/ejs
43 error 404
43 error 404 '@typings/ejs' is not in the npm registry.
43 error 404 You should bug the author to publish it (or use the name yourself!)
43 error 404 It was specified as a dependency of 'js'
43 error 404
43 error 404 Note that you can also install from a
43 error 404 tarball, folder, http url, or git url.
44 verbose exit [ 1, true ]
